<?xml version="1.0" encoding="UTF-8"?>
<!-- Generated by org.testng.reporters.JUnitReportReporter -->
<testsuite hostname="fv-az1042-705" failures="0" tests="1" name="com.ai.holistic.tests.GeneralInfoInvalidMessageTest" time="49.704" errors="0" timestamp="2025-04-24T16:34:30 UTC" skipped="0">
  <testcase classname="com.ai.holistic.tests.GeneralInfoInvalidMessageTest" name="validateGeneralInfoPageMissingDataErrorMessages" time="49.704"/>
</testsuite> <!-- com.ai.holistic.tests.GeneralInfoInvalidMessageTest -->
