<?xml version="1.0" encoding="UTF-8"?>
<!-- Generated by org.testng.reporters.JUnitReportReporter -->
<testsuite hostname="fv-az1945-324" failures="0" tests="6" name="com.ai.holistic.tests.AIRiskManagementPageTest" time="30.197" errors="0" timestamp="2025-04-24T16:30:02 UTC" skipped="0">
  <testcase classname="com.ai.holistic.tests.AIRiskManagementPageTest" name="dummyVerifyTitleOnAIRiskMngmtPage" time="0.818"/>
  <testcase classname="com.ai.holistic.tests.AIRiskManagementPageTest" name="verifyRiskMappingJourneyE2eFlow" time="1.324"/>
  <testcase classname="com.ai.holistic.tests.AIRiskManagementPageTest" name="dummyVerifyTitleOnAIRiskMngmtPage" time="22.713"/>
  <testcase classname="com.ai.holistic.tests.AIRiskManagementPageTest" name="verifyRiskMappingJourneyE2eFlow" time="1.425"/>
  <testcase classname="com.ai.holistic.tests.AIRiskManagementPageTest" name="dummyVerifyTitleOnAIRiskMngmtPage" time="2.488"/>
  <testcase classname="com.ai.holistic.tests.AIRiskManagementPageTest" name="verifyRiskMappingJourneyE2eFlow" time="1.429"/>
</testsuite> <!-- com.ai.holistic.tests.AIRiskManagementPageTest -->
