<?xml version="1.0" encoding="UTF-8"?>
<!-- Generated by org.testng.reporters.JUnitReportReporter -->
<testsuite hostname="fv-az1660-563" failures="0" tests="6" name="com.ai.holistic.tests.AIRiskManagementPageTest" time="46.295" errors="0" timestamp="2025-04-24T16:54:20 UTC" skipped="0">
  <testcase classname="com.ai.holistic.tests.AIRiskManagementPageTest" name="verifyRiskMappingJourneyE2eFlow" time="1.703"/>
  <testcase classname="com.ai.holistic.tests.AIRiskManagementPageTest" name="verifyRiskMappingJourneyE2eFlow" time="2.053"/>
  <testcase classname="com.ai.holistic.tests.AIRiskManagementPageTest" name="dummyVerifyTitleOnAIRiskMngmtPage" time="3.430"/>
  <testcase classname="com.ai.holistic.tests.AIRiskManagementPageTest" name="verifyRiskMappingJourneyE2eFlow" time="1.481"/>
  <testcase classname="com.ai.holistic.tests.AIRiskManagementPageTest" name="dummyVerifyTitleOnAIRiskMngmtPage" time="0.841"/>
  <testcase classname="com.ai.holistic.tests.AIRiskManagementPageTest" name="dummyVerifyTitleOnAIRiskMngmtPage" time="36.787"/>
</testsuite> <!-- com.ai.holistic.tests.AIRiskManagementPageTest -->
