<?xml version="1.0" encoding="UTF-8"?>
<!-- Generated by org.testng.reporters.JUnitReportReporter -->
<testsuite hostname="fv-az1945-324" failures="0" tests="1" name="com.ai.holistic.tests.GeneralInfoInvalidMessageTest" time="24.229" errors="0" timestamp="2025-04-24T16:30:02 UTC" skipped="0">
  <testcase classname="com.ai.holistic.tests.GeneralInfoInvalidMessageTest" name="validateGeneralInfoPageMissingDataErrorMessages" time="24.229"/>
</testsuite> <!-- com.ai.holistic.tests.GeneralInfoInvalidMessageTest -->
