<?xml version="1.0" encoding="UTF-8"?>
<!-- Generated by org.testng.reporters.JUnitReportReporter -->
<testsuite hostname="fv-az1042-705" failures="0" tests="6" name="com.ai.holistic.tests.AIRiskManagementPageTest" time="55.863" errors="0" timestamp="2025-04-24T16:34:30 UTC" skipped="0">
  <testcase classname="com.ai.holistic.tests.AIRiskManagementPageTest" name="dummyVerifyTitleOnAIRiskMngmtPage" time="4.657"/>
  <testcase classname="com.ai.holistic.tests.AIRiskManagementPageTest" name="verifyRiskMappingJourneyE2eFlow" time="46.167"/>
  <testcase classname="com.ai.holistic.tests.AIRiskManagementPageTest" name="dummyVerifyTitleOnAIRiskMngmtPage" time="1.020"/>
  <testcase classname="com.ai.holistic.tests.AIRiskManagementPageTest" name="verifyRiskMappingJourneyE2eFlow" time="1.379"/>
  <testcase classname="com.ai.holistic.tests.AIRiskManagementPageTest" name="dummyVerifyTitleOnAIRiskMngmtPage" time="0.777"/>
  <testcase classname="com.ai.holistic.tests.AIRiskManagementPageTest" name="verifyRiskMappingJourneyE2eFlow" time="1.863"/>
</testsuite> <!-- com.ai.holistic.tests.AIRiskManagementPageTest -->
