<?xml version="1.0" encoding="UTF-8"?>
<!-- Generated by org.testng.reporters.JUnitReportReporter -->
<testsuite hostname="fv-az1340-393" failures="0" tests="1" name="com.ai.holistic.tests.GeneralInfoInvalidMessageTest" time="3.337" errors="0" timestamp="2025-04-24T16:44:42 UTC" skipped="0">
  <testcase classname="com.ai.holistic.tests.GeneralInfoInvalidMessageTest" name="validateGeneralInfoPageMissingDataErrorMessages" time="3.337"/>
</testsuite> <!-- com.ai.holistic.tests.GeneralInfoInvalidMessageTest -->
