<?xml version="1.0" encoding="UTF-8"?>
<!-- Generated by org.testng.reporters.JUnitReportReporter -->
<testsuite hostname="fv-az1945-324" failures="0" tests="6" name="com.ai.holistic.tests.AIRiskManagementPageTest" time="9.175" errors="0" timestamp="2025-04-24T16:40:15 UTC" skipped="0">
  <testcase classname="com.ai.holistic.tests.AIRiskManagementPageTest" name="dummyVerifyTitleOnAIRiskMngmtPage" time="2.991"/>
  <testcase classname="com.ai.holistic.tests.AIRiskManagementPageTest" name="verifyRiskMappingJourneyE2eFlow" time="1.582"/>
  <testcase classname="com.ai.holistic.tests.AIRiskManagementPageTest" name="dummyVerifyTitleOnAIRiskMngmtPage" time="0.827"/>
  <testcase classname="com.ai.holistic.tests.AIRiskManagementPageTest" name="dummyVerifyTitleOnAIRiskMngmtPage" time="0.816"/>
  <testcase classname="com.ai.holistic.tests.AIRiskManagementPageTest" name="verifyRiskMappingJourneyE2eFlow" time="1.534"/>
  <testcase classname="com.ai.holistic.tests.AIRiskManagementPageTest" name="verifyRiskMappingJourneyE2eFlow" time="1.425"/>
</testsuite> <!-- com.ai.holistic.tests.AIRiskManagementPageTest -->
