<?xml version="1.0" encoding="UTF-8"?>
<!-- Generated by org.testng.reporters.JUnitReportReporter -->
<testsuite hostname="fv-az1340-393" failures="0" tests="6" name="com.ai.holistic.tests.AIRiskManagementPageTest" time="9.425" errors="0" timestamp="2025-04-24T16:44:42 UTC" skipped="0">
  <testcase classname="com.ai.holistic.tests.AIRiskManagementPageTest" name="dummyVerifyTitleOnAIRiskMngmtPage" time="1.078"/>
  <testcase classname="com.ai.holistic.tests.AIRiskManagementPageTest" name="verifyRiskMappingJourneyE2eFlow" time="1.386"/>
  <testcase classname="com.ai.holistic.tests.AIRiskManagementPageTest" name="verifyRiskMappingJourneyE2eFlow" time="3.490"/>
  <testcase classname="com.ai.holistic.tests.AIRiskManagementPageTest" name="verifyRiskMappingJourneyE2eFlow" time="1.614"/>
  <testcase classname="com.ai.holistic.tests.AIRiskManagementPageTest" name="dummyVerifyTitleOnAIRiskMngmtPage" time="1.030"/>
  <testcase classname="com.ai.holistic.tests.AIRiskManagementPageTest" name="dummyVerifyTitleOnAIRiskMngmtPage" time="0.827"/>
</testsuite> <!-- com.ai.holistic.tests.AIRiskManagementPageTest -->
